Arguments: 
  D:\Program Files\nodejs\node.exe C:\Users\caijw\AppData\Roaming\npm\node_modules\yarn\bin\yarn.js install

PATH: 
  C:\ProgramData\Oracle\Java\javapath;C:\WINDOWS\system32;C:\WINDOWS;C:\WINDOWS\System32\Wbem;C:\WINDOWS\System32\WindowsPowerShell\v1.0\;C:\Program Files\TortoiseGit\bin;D:\Program Files\nodejs\;C:\Program Files\Java\jdk1.8.0_45\bin;C:\Program1\mysql-5.6.25-winx64\bin;C:\Program Files\MongoDB\Server\3.0\bin;D:\Program Files\python3.6\Scripts\;D:\Program Files\python3.6\;C:\Users\caijw\AppData\Local\Microsoft\WindowsApps;C:\Users\caijw\AppData\Roaming\npm;D:\ffmpeg\bin;E:\Program Files\gradle-3.2\bin;G:\adb;

Yarn version: 
  0.27.5

Node version: 
  6.10.2

Platform: 
  win32 x64

npm manifest: 
  {
    "name": "13-mysql",
    "version": "1.0.0",
    "description": "",
    "main": "index.js",
    "scripts": {
      "test": "echo \"Error: no test specified\" && exit 1"
    },
    "keywords": [],
    "author": "",
    "license": "ISC",
    "dependencies": {
      "body-parser": "^1.15.2",
      "express": "^4.14.0",
      "knex": "^0.11.7",
      "mysql": "^2.11.1"
    },
    "devDependencies": {
      "nodemon": "^1.9.2"
    }
  }

yarn manifest: 
  No manifest

Lockfile: 
  No lockfile

Trace: 
  Error: 101057795:error:1408F119:SSL routines:SSL3_GET_RECORD:decryption failed or bad record mac:openssl\ssl\s3_pkt.c:535:
  
      at Error (native)
